# JRE version: Java(TM) SE Runtime Environment (8.0_92-b14) (build 1.8.0_92-b14)
# Java VM: Java HotSpot(TM) 64-Bit Server VM (25.92-b14 mixed mode windows-amd64 compressed oops)
Heap:
 PSYoungGen      total 107008K, used 22849K [0x00000000e0000000, 0x00000000e7400000, 0x0000000100000000)
  eden space 96768K, 23% used [0x00000000e0000000,0x00000000e1650608,0x00000000e5e80000)
  from space 10240K, 0% used [0x00000000e5e80000,0x00000000e5e80000,0x00000000e6880000)
  to   space 8704K, 0% used [0x00000000e6880000,0x00000000e6880000,0x00000000e7100000)
 ParOldGen       total 116736K, used 27871K [0x00000000a0000000, 0x00000000a7200000, 0x00000000e0000000)
  object space 116736K, 23% used [0x00000000a0000000,0x00000000a1b37eb0,0x00000000a7200000)
 Metaspace       used 31950K, capacity 32482K, committed 32768K, reserved 1079296K
  class space    used 3826K, capacity 4031K, committed 4096K, reserved 1048576K
GC Heap History (10 events):
Event: 8.282 GC heap before
{Heap before GC invocations=10 (full 1):
 PSYoungGen      total 105472K, used 105460K [0x00000000e0000000, 0x00000000e7400000, 0x0000000100000000)
  eden space 96768K, 100% used [0x00000000e0000000,0x00000000e5e80000,0x00000000e5e80000)
  from space 8704K, 99% used [0x00000000e6880000,0x00000000e70fd238,0x00000000e7100000)
  to   space 10240K, 0% used [0x00000000e5e80000,0x00000000e5e80000,0x00000000e6880000)
 ParOldGen       total 55296K, used 33050K [0x00000000a0000000, 0x00000000a3600000, 0x00000000e0000000)
  object space 55296K, 59% used [0x00000000a0000000,0x00000000a2046830,0x00000000a3600000)
 Metaspace       used 23058K, capacity 23492K, committed 23680K, reserved 1071104K
  class space    used 2723K, capacity 2893K, committed 2944K, reserved 1048576K
Event: 8.311 GC heap after
Heap after GC invocations=10 (full 1):
 PSYoungGen      total 107008K, used 10232K [0x00000000e0000000, 0x00000000e7400000, 0x0000000100000000)
  eden space 96768K, 0% used [0x00000000e0000000,0x00000000e0000000,0x00000000e5e80000)
  from space 10240K, 99% used [0x00000000e5e80000,0x00000000e687e030,0x00000000e6880000)
  to   space 8704K, 0% used [0x00000000e6880000,0x00000000e6880000,0x00000000e7100000)
 ParOldGen       total 55296K, used 43984K [0x00000000a0000000, 0x00000000a3600000, 0x00000000e0000000)
  object space 55296K, 79% used [0x00000000a0000000,0x00000000a2af41c8,0x00000000a3600000)
 Metaspace       used 23058K, capacity 23492K, committed 23680K, reserved 1071104K
  class space    used 2723K, capacity 2893K, committed 2944K, reserved 1048576K
}
Event: 8.311 GC heap before
{Heap before GC invocations=11 (full 2):
 PSYoungGen      total 107008K, used 10232K [0x00000000e0000000, 0x00000000e7400000, 0x0000000100000000)
  eden space 96768K, 0% used [0x00000000e0000000,0x00000000e0000000,0x00000000e5e80000)
  from space 10240K, 99% used [0x00000000e5e80000,0x00000000e687e030,0x00000000e6880000)
  to   space 8704K, 0% used [0x00000000e6880000,0x00000000e6880000,0x00000000e7100000)
 ParOldGen       total 55296K, used 43984K [0x00000000a0000000, 0x00000000a3600000, 0x00000000e0000000)
  object space 55296K, 79% used [0x00000000a0000000,0x00000000a2af41c8,0x00000000a3600000)
 Metaspace       used 23058K, capacity 23492K, committed 23680K, reserved 1071104K
  class space    used 2723K, capacity 2893K, committed 2944K, reserved 1048576K
Event: 8.476 GC heap after
Heap after GC invocations=11 (full 2):
 PSYoungGen      total 107008K, used 0K [0x00000000e0000000, 0x00000000e7400000, 0x0000000100000000)
  eden space 96768K, 0% used [0x00000000e0000000,0x00000000e0000000,0x00000000e5e80000)
  from space 10240K, 0% used [0x00000000e5e80000,0x00000000e5e80000,0x00000000e6880000)
  to   space 8704K, 0% used [0x00000000e6880000,0x00000000e6880000,0x00000000e7100000)
 ParOldGen       total 99328K, used 31169K [0x00000000a0000000, 0x00000000a6100000, 0x00000000e0000000)
  object space 99328K, 31% used [0x00000000a0000000,0x00000000a1e70500,0x00000000a6100000)
 Metaspace       used 23058K, capacity 23492K, committed 23680K, reserved 1071104K
  class space    used 2723K, capacity 2893K, committed 2944K, reserved 1048576K
}
Event: 9.047 GC heap before
{Heap before GC invocations=12 (full 2):
 PSYoungGen      total 107008K, used 96768K [0x00000000e0000000, 0x00000000e7400000, 0x0000000100000000)
  eden space 96768K, 100% used [0x00000000e0000000,0x00000000e5e80000,0x00000000e5e80000)
  from space 10240K, 0% used [0x00000000e5e80000,0x00000000e5e80000,0x00000000e6880000)
  to   space 8704K, 0% used [0x00000000e6880000,0x00000000e6880000,0x00000000e7100000)
 ParOldGen       total 99328K, used 31169K [0x00000000a0000000, 0x00000000a6100000, 0x00000000e0000000)
  object space 99328K, 31% used [0x00000000a0000000,0x00000000a1e70500,0x00000000a6100000)
 Metaspace       used 23072K, capacity 23502K, committed 23680K, reserved 1071104K
  class space    used 2725K, capacity 2895K, committed 2944K, reserved 1048576K
Event: 9.084 GC heap after
Heap after GC invocations=12 (full 2):
 PSYoungGen      total 105472K, used 8685K [0x00000000e0000000, 0x00000000e7400000, 0x0000000100000000)
  eden space 96768K, 0% used [0x00000000e0000000,0x00000000e0000000,0x00000000e5e80000)
  from space 8704K, 99% used [0x00000000e6880000,0x00000000e70fb690,0x00000000e7100000)
  to   space 10240K, 0% used [0x00000000e5e80000,0x00000000e5e80000,0x00000000e6880000)
 ParOldGen       total 99328K, used 40535K [0x00000000a0000000, 0x00000000a6100000, 0x00000000e0000000)
  object space 99328K, 40% used [0x00000000a0000000,0x00000000a2795e50,0x00000000a6100000)
 Metaspace       used 23072K, capacity 23502K, committed 23680K, reserved 1071104K
  class space    used 2725K, capacity 2895K, committed 2944K, reserved 1048576K
}
Event: 10.134 GC heap before
{Heap before GC invocations=13 (full 2):
 PSYoungGen      total 105472K, used 104917K [0x00000000e0000000, 0x00000000e7400000, 0x0000000100000000)
  eden space 96768K, 99% used [0x00000000e0000000,0x00000000e5df9e10,0x00000000e5e80000)
  from space 8704K, 99% used [0x00000000e6880000,0x00000000e70fb690,0x00000000e7100000)
  to   space 10240K, 0% used [0x00000000e5e80000,0x00000000e5e80000,0x00000000e6880000)
 ParOldGen       total 99328K, used 40535K [0x00000000a0000000, 0x00000000a6100000, 0x00000000e0000000)
  object space 99328K, 40% used [0x00000000a0000000,0x00000000a2795e50,0x00000000a6100000)
 Metaspace       used 28021K, capacity 28502K, committed 28672K, reserved 1079296K
  class space    used 3368K, capacity 3581K, committed 3584K, reserved 1048576K
Event: 10.210 GC heap after
Heap after GC invocations=13 (full 2):
 PSYoungGen      total 107008K, used 10213K [0x00000000e0000000, 0x00000000e7400000, 0x0000000100000000)
  eden space 96768K, 0% used [0x00000000e0000000,0x00000000e0000000,0x00000000e5e80000)
  from space 10240K, 99% used [0x00000000e5e80000,0x00000000e68795d8,0x00000000e6880000)
  to   space 8704K, 0% used [0x00000000e6880000,0x00000000e6880000,0x00000000e7100000)
 ParOldGen       total 99328K, used 47981K [0x00000000a0000000, 0x00000000a6100000, 0x00000000e0000000)
  object space 99328K, 48% used [0x00000000a0000000,0x00000000a2edb500,0x00000000a6100000)
 Metaspace       used 28021K, capacity 28502K, committed 28672K, reserved 1079296K
  class space    used 3368K, capacity 3581K, committed 3584K, reserved 1048576K
}
Event: 10.210 GC heap before
{Heap before GC invocations=14 (full 3):
 PSYoungGen      total 107008K, used 10213K [0x00000000e0000000, 0x00000000e7400000, 0x0000000100000000)
  eden space 96768K, 0% used [0x00000000e0000000,0x00000000e0000000,0x00000000e5e80000)
  from space 10240K, 99% used [0x00000000e5e80000,0x00000000e68795d8,0x00000000e6880000)
  to   space 8704K, 0% used [0x00000000e6880000,0x00000000e6880000,0x00000000e7100000)
 ParOldGen       total 99328K, used 47981K [0x00000000a0000000, 0x00000000a6100000, 0x00000000e0000000)
  object space 99328K, 48% used [0x00000000a0000000,0x00000000a2edb500,0x00000000a6100000)
 Metaspace       used 28021K, capacity 28502K, committed 28672K, reserved 1079296K
  class space    used 3368K, capacity 3581K, committed 3584K, reserved 1048576K
Event: 10.441 GC heap after
Heap after GC invocations=14 (full 3):
 PSYoungGen      total 107008K, used 0K [0x00000000e0000000, 0x00000000e7400000, 0x0000000100000000)
  eden space 96768K, 0% used [0x00000000e0000000,0x00000000e0000000,0x00000000e5e80000)
  from space 10240K, 0% used [0x00000000e5e80000,0x00000000e5e80000,0x00000000e6880000)
  to   space 8704K, 0% used [0x00000000e6880000,0x00000000e6880000,0x00000000e7100000)
 ParOldGen       total 116736K, used 27871K [0x00000000a0000000, 0x00000000a7200000, 0x00000000e0000000)
  object space 116736K, 23% used [0x00000000a0000000,0x00000000a1b37eb0,0x00000000a7200000)
 Metaspace       used 28021K, capacity 28502K, committed 28672K, reserved 1077248K
  class space    used 3368K, capacity 3581K, committed 3584K, reserved 1048576K
}

